<?xml version="1.0" encoding="UTF-8"?>
<!-- Generated by org.testng.reporters.JUnitXMLReporter -->
<testsuite ignored="0" hostname="TYSS-Chaithra" failures="0" tests="1" name="Test-Runner-Edge" time="9.189" errors="0" timestamp="2024-10-30T19:33:11 IST">
  <testcase classname="products.RemoveProductTest" name="sample" time="0.003"/>
</testsuite> <!-- Test-Runner-Edge -->
