<?xml version="1.0" encoding="UTF-8"?>
<!-- Generated by org.testng.reporters.JUnitXMLReporter -->
<testsuite ignored="0" hostname="TYSS-Chaithra" failures="0" tests="1" name="Test-Runner-1" time="9.503" errors="0" timestamp="2024-10-29T20:19:07 IST">
  <testcase classname="products.RemoveProductTest" name="sample" time="0.01"/>
</testsuite> <!-- Test-Runner-1 -->
