<?xml version="1.0" encoding="UTF-8"?>
<!-- Generated by org.testng.reporters.JUnitXMLReporter -->
<testsuite ignored="0" hostname="TYSS-Chaithra" failures="0" tests="1" name="Test-Runner-2" time="15.249" errors="0" timestamp="2024-10-29T20:19:13 IST">
  <testcase classname="products.AddProductToCartTest" name="tc_001_AddSingleProductToCartTest" time="3.85"/>
</testsuite> <!-- Test-Runner-2 -->
