<?xml version="1.0" encoding="UTF-8"?>
<!-- Generated by org.testng.reporters.JUnitReportReporter -->
<testsuite hostname="TYSS-Chaithra" failures="0" tests="1" name="products.RemoveProductTest" time="1.019" errors="0" timestamp="2024-11-06T20:45:48 IST" skipped="0">
  <testcase classname="products.RemoveProductTest" name="sample" time="1.019"/>
  <system-out/>
</testsuite> <!-- products.RemoveProductTest -->
